<?xml version="1.0" encoding="UTF-8"?>
<!-- Generated by org.testng.reporters.JUnitXMLReporter -->
<testsuite hostname="CO2289" ignored="8" name="Test" tests="4" failures="3" timestamp="09 Sep 2019 12:08:19 GMT" time="303.379" errors="0">
  <testcase name="TestCaseApplicationSetup" time="26.663" classname="org.Enterprise.TestCase.TestCase_ApplicationSetup">
    <failure type="org.openqa.selenium.NoSuchSessionException" message="invalid session id
Build info: version: &amp;apos;3.14.0&amp;apos;, revision: &amp;apos;aacccce0&amp;apos;, time: &amp;apos;2018-08-02T20:19:58.91Z&amp;apos;
System info: host: &amp;apos;CO2289&amp;apos;, ip: &amp;apos;192.168.186.136&amp;apos;, os.name: &amp;apos;Windows 10&amp;apos;, os.arch: &amp;apos;amd64&amp;apos;, os.version: &amp;apos;10.0&amp;apos;, java.version: &amp;apos;1.8.0_201&amp;apos;
Driver info: org.openqa.selenium.chrome.ChromeDriver
Capabilities {acceptInsecureCerts: false, browserName: chrome, browserVersion: 76.0.3809.132, chrome: {chromedriverVersion: 76.0.3809.126 (d80a294506b4..., userDataDir: C:\Users\ANKIT~1.SHR\AppDat...}, goog:chromeOptions: {debuggerAddress: localhost:51616}, javascriptEnabled: true, networkConnectionEnabled: false, pageLoadStrategy: normal, platform: XP, platformName: XP, proxy: Proxy(), setWindowRect: true, strictFileInteractability: false, timeouts: {implicit: 0, pageLoad: 300000, script: 30000}, unhandledPromptBehavior: dismiss and notify}
Session ID: 6a921db33b648d6d95f87799353352ba">
      <![CDATA[org.openqa.selenium.NoSuchSessionException: invalid session id
Build info: version: '3.14.0', revision: 'aacccce0', time: '2018-08-02T20:19:58.91Z'
System info: host: 'CO2289', ip: '192.168.186.136', os.name: 'Windows 10', os.arch: 'amd64', os.version: '10.0', java.version: '1.8.0_201'
Driver info: org.openqa.selenium.chrome.ChromeDriver
Capabilities {acceptInsecureCerts: false, browserName: chrome, browserVersion: 76.0.3809.132, chrome: {chromedriverVersion: 76.0.3809.126 (d80a294506b4..., userDataDir: C:\Users\ANKIT~1.SHR\AppDat...}, goog:chromeOptions: {debuggerAddress: localhost:51616}, javascriptEnabled: true, networkConnectionEnabled: false, pageLoadStrategy: normal, platform: XP, platformName: XP, proxy: Proxy(), setWindowRect: true, strictFileInteractability: false, timeouts: {implicit: 0, pageLoad: 300000, script: 30000}, unhandledPromptBehavior: dismiss and notify}
Session ID: 6a921db33b648d6d95f87799353352ba
at org.openqa.selenium.remote.http.W3CHttpResponseCodec.createException(W3CHttpResponseCodec.java:187)
at org.openqa.selenium.remote.http.W3CHttpResponseCodec.decode(W3CHttpResponseCodec.java:122)
at org.openqa.selenium.remote.http.W3CHttpResponseCodec.decode(W3CHttpResponseCodec.java:49)
at org.openqa.selenium.remote.HttpCommandExecutor.execute(HttpCommandExecutor.java:158)
at org.openqa.selenium.remote.service.DriverCommandExecutor.execute(DriverCommandExecutor.java:83)
at org.openqa.selenium.remote.RemoteWebDriver.execute(RemoteWebDriver.java:548)
at org.openqa.selenium.remote.RemoteWebDriver$RemoteTargetLocator.defaultContent(RemoteWebDriver.java:918)
at org.Enterprise.TestCase.TestCase_ApplicationSetup.TestCaseApplicationSetup(TestCase_ApplicationSetup.java:389)
... Removed 29 stack frames]]>
    </failure>
  </testcase> <!-- TestCaseApplicationSetup -->
  <testcase name="TestCaseDeskBooking" time="31.913" classname="org.Enterprise.TestCase.TestCase_DeskBooking"/>
  <testcase name="TestCaseRoomBooking" time="23.755" classname="org.Enterprise.TestCase.TestCase_RoomBooking">
    <failure type="org.openqa.selenium.NoSuchSessionException" message="invalid session id
Build info: version: &amp;apos;3.14.0&amp;apos;, revision: &amp;apos;aacccce0&amp;apos;, time: &amp;apos;2018-08-02T20:19:58.91Z&amp;apos;
System info: host: &amp;apos;CO2289&amp;apos;, ip: &amp;apos;192.168.186.136&amp;apos;, os.name: &amp;apos;Windows 10&amp;apos;, os.arch: &amp;apos;amd64&amp;apos;, os.version: &amp;apos;10.0&amp;apos;, java.version: &amp;apos;1.8.0_201&amp;apos;
Driver info: org.openqa.selenium.chrome.ChromeDriver
Capabilities {acceptInsecureCerts: false, browserName: chrome, browserVersion: 76.0.3809.132, chrome: {chromedriverVersion: 76.0.3809.126 (d80a294506b4..., userDataDir: C:\Users\ANKIT~1.SHR\AppDat...}, goog:chromeOptions: {debuggerAddress: localhost:51702}, javascriptEnabled: true, networkConnectionEnabled: false, pageLoadStrategy: normal, platform: XP, platformName: XP, proxy: Proxy(), setWindowRect: true, strictFileInteractability: false, timeouts: {implicit: 0, pageLoad: 300000, script: 30000}, unhandledPromptBehavior: dismiss and notify}
Session ID: cf8c06cda1e35565dcefa7f801abb14b">
      <![CDATA[org.openqa.selenium.NoSuchSessionException: invalid session id
Build info: version: '3.14.0', revision: 'aacccce0', time: '2018-08-02T20:19:58.91Z'
System info: host: 'CO2289', ip: '192.168.186.136', os.name: 'Windows 10', os.arch: 'amd64', os.version: '10.0', java.version: '1.8.0_201'
Driver info: org.openqa.selenium.chrome.ChromeDriver
Capabilities {acceptInsecureCerts: false, browserName: chrome, browserVersion: 76.0.3809.132, chrome: {chromedriverVersion: 76.0.3809.126 (d80a294506b4..., userDataDir: C:\Users\ANKIT~1.SHR\AppDat...}, goog:chromeOptions: {debuggerAddress: localhost:51702}, javascriptEnabled: true, networkConnectionEnabled: false, pageLoadStrategy: normal, platform: XP, platformName: XP, proxy: Proxy(), setWindowRect: true, strictFileInteractability: false, timeouts: {implicit: 0, pageLoad: 300000, script: 30000}, unhandledPromptBehavior: dismiss and notify}
Session ID: cf8c06cda1e35565dcefa7f801abb14b
at org.openqa.selenium.remote.http.W3CHttpResponseCodec.createException(W3CHttpResponseCodec.java:187)
at org.openqa.selenium.remote.http.W3CHttpResponseCodec.decode(W3CHttpResponseCodec.java:122)
at org.openqa.selenium.remote.http.W3CHttpResponseCodec.decode(W3CHttpResponseCodec.java:49)
at org.openqa.selenium.remote.HttpCommandExecutor.execute(HttpCommandExecutor.java:158)
at org.openqa.selenium.remote.service.DriverCommandExecutor.execute(DriverCommandExecutor.java:83)
at org.openqa.selenium.remote.RemoteWebDriver.execute(RemoteWebDriver.java:548)
at org.openqa.selenium.remote.RemoteWebDriver$RemoteTargetLocator.defaultContent(RemoteWebDriver.java:918)
at org.Enterprise.TestCase.TestCase_RoomBooking.TestCaseRoomBooking(TestCase_RoomBooking.java:338)
... Removed 29 stack frames]]>
    </failure>
  </testcase> <!-- TestCaseRoomBooking -->
  <testcase name="TestCaseVisitors" time="176.023" classname="org.Enterprise.TestCase.TestCase_Visitors">
    <failure type="org.openqa.selenium.NoSuchSessionException" message="invalid session id
Build info: version: &amp;apos;3.14.0&amp;apos;, revision: &amp;apos;aacccce0&amp;apos;, time: &amp;apos;2018-08-02T20:19:58.91Z&amp;apos;
System info: host: &amp;apos;CO2289&amp;apos;, ip: &amp;apos;192.168.186.136&amp;apos;, os.name: &amp;apos;Windows 10&amp;apos;, os.arch: &amp;apos;amd64&amp;apos;, os.version: &amp;apos;10.0&amp;apos;, java.version: &amp;apos;1.8.0_201&amp;apos;
Driver info: org.openqa.selenium.chrome.ChromeDriver
Capabilities {acceptInsecureCerts: false, browserName: chrome, browserVersion: 76.0.3809.132, chrome: {chromedriverVersion: 76.0.3809.126 (d80a294506b4..., userDataDir: C:\Users\ANKIT~1.SHR\AppDat...}, goog:chromeOptions: {debuggerAddress: localhost:51733}, javascriptEnabled: true, networkConnectionEnabled: false, pageLoadStrategy: normal, platform: XP, platformName: XP, proxy: Proxy(), setWindowRect: true, strictFileInteractability: false, timeouts: {implicit: 0, pageLoad: 300000, script: 30000}, unhandledPromptBehavior: dismiss and notify}
Session ID: a705fdf6aa4ca79b0e136e0d8252136e">
      <![CDATA[org.openqa.selenium.NoSuchSessionException: invalid session id
Build info: version: '3.14.0', revision: 'aacccce0', time: '2018-08-02T20:19:58.91Z'
System info: host: 'CO2289', ip: '192.168.186.136', os.name: 'Windows 10', os.arch: 'amd64', os.version: '10.0', java.version: '1.8.0_201'
Driver info: org.openqa.selenium.chrome.ChromeDriver
Capabilities {acceptInsecureCerts: false, browserName: chrome, browserVersion: 76.0.3809.132, chrome: {chromedriverVersion: 76.0.3809.126 (d80a294506b4..., userDataDir: C:\Users\ANKIT~1.SHR\AppDat...}, goog:chromeOptions: {debuggerAddress: localhost:51733}, javascriptEnabled: true, networkConnectionEnabled: false, pageLoadStrategy: normal, platform: XP, platformName: XP, proxy: Proxy(), setWindowRect: true, strictFileInteractability: false, timeouts: {implicit: 0, pageLoad: 300000, script: 30000}, unhandledPromptBehavior: dismiss and notify}
Session ID: a705fdf6aa4ca79b0e136e0d8252136e
at org.openqa.selenium.remote.http.W3CHttpResponseCodec.createException(W3CHttpResponseCodec.java:187)
at org.openqa.selenium.remote.http.W3CHttpResponseCodec.decode(W3CHttpResponseCodec.java:122)
at org.openqa.selenium.remote.http.W3CHttpResponseCodec.decode(W3CHttpResponseCodec.java:49)
at org.openqa.selenium.remote.HttpCommandExecutor.execute(HttpCommandExecutor.java:158)
at org.openqa.selenium.remote.service.DriverCommandExecutor.execute(DriverCommandExecutor.java:83)
at org.openqa.selenium.remote.RemoteWebDriver.execute(RemoteWebDriver.java:548)
at org.openqa.selenium.remote.RemoteWebDriver$RemoteTargetLocator.defaultContent(RemoteWebDriver.java:918)
at org.Enterprise.TestCase.TestCase_Visitors.TestCaseVisitors(TestCase_Visitors.java:187)
... Removed 29 stack frames]]>
    </failure>
  </testcase> <!-- TestCaseVisitors -->
  <testcase name="@BeforeSuite Verificatin" time="0.0" classname="org.Enterprise.Base.ActionsUtilities">
    <ignored/>
  </testcase> <!-- @BeforeSuite Verificatin -->
  <testcase name="@BeforeSuite Verificatin" time="0.0" classname="org.Enterprise.Base.ActionsUtilities">
    <ignored/>
  </testcase> <!-- @BeforeSuite Verificatin -->
  <testcase name="@BeforeSuite Verificatin" time="0.0" classname="org.Enterprise.Base.ActionsUtilities">
    <ignored/>
  </testcase> <!-- @BeforeSuite Verificatin -->
  <testcase name="@BeforeSuite Verificatin" time="0.0" classname="org.Enterprise.Base.ActionsUtilities">
    <ignored/>
  </testcase> <!-- @BeforeSuite Verificatin -->
  <testcase name="@BeforeSuite GenerateReport" time="0.0" classname="org.Enterprise.Base.ActionsUtilities">
    <ignored/>
  </testcase> <!-- @BeforeSuite GenerateReport -->
  <testcase name="@BeforeSuite GenerateReport" time="0.0" classname="org.Enterprise.Base.ActionsUtilities">
    <ignored/>
  </testcase> <!-- @BeforeSuite GenerateReport -->
  <testcase name="@BeforeSuite GenerateReport" time="0.0" classname="org.Enterprise.Base.ActionsUtilities">
    <ignored/>
  </testcase> <!-- @BeforeSuite GenerateReport -->
  <testcase name="@BeforeSuite GenerateReport" time="0.0" classname="org.Enterprise.Base.ActionsUtilities">
    <ignored/>
  </testcase> <!-- @BeforeSuite GenerateReport -->
</testsuite> <!-- Test -->
